  [1m[36m (1.0ms)[0m  [1mCREATE TABLE "schema_migrations" ("version" varchar(255) NOT NULL) [0m
  [1m[35m (0.9ms)[0m  CREATE UNIQUE INDEX "unique_schema_migrations" ON "schema_migrations" ("version")
  [1m[36mActiveRecord::SchemaMigration Load (0.2ms)[0m  [1mSELECT "schema_migrations".* FROM "schema_migrations"[0m
Migrating to CreateUsers (20131104013044)
  [1m[35m (0.1ms)[0m  begin transaction
  [1m[36m (0.4ms)[0m  [1mCREATE TABLE "users" ("id" INTEGER PRIMARY KEY AUTOINCREMENT NOT NULL, "name" varchar(255), "email" varchar(255), "created_at" datetime, "updated_at" datetime) [0m
  [1m[35mSQL (0.2ms)[0m  INSERT INTO "schema_migrations" ("version") VALUES (?)  [["version", "20131104013044"]]
  [1m[36m (1.2ms)[0m  [1mcommit transaction[0m
  [1m[35mActiveRecord::SchemaMigration Load (0.1ms)[0m  SELECT "schema_migrations".* FROM "schema_migrations"


Started GET "/" for 127.0.0.1 at 2013-11-03 20:31:01 -0500
  [1m[36mActiveRecord::SchemaMigration Load (0.1ms)[0m  [1mSELECT "schema_migrations".* FROM "schema_migrations"[0m
Processing by Rails::WelcomeController#index as HTML
  Rendered /Users/Anson/.rbenv/versions/2.0.0-p247/lib/ruby/gems/2.0.0/gems/railties-4.0.1/lib/rails/templates/rails/welcome/index.html.erb (2.1ms)
Completed 200 OK in 12ms (Views: 11.1ms | ActiveRecord: 0.0ms)


Started GET "/" for 127.0.0.1 at 2013-11-03 20:31:20 -0500
Processing by Rails::WelcomeController#index as HTML
  Rendered /Users/Anson/.rbenv/versions/2.0.0-p247/lib/ruby/gems/2.0.0/gems/railties-4.0.1/lib/rails/templates/rails/welcome/index.html.erb (0.1ms)
Completed 200 OK in 4ms (Views: 3.9ms | ActiveRecord: 0.0ms)


Started GET "/users" for 127.0.0.1 at 2013-11-03 20:31:24 -0500
Processing by UsersController#index as HTML
  [1m[35mUser Load (0.2ms)[0m  SELECT "users".* FROM "users"
  Rendered users/index.html.erb within layouts/application (2.1ms)
Completed 200 OK in 745ms (Views: 742.0ms | ActiveRecord: 0.2ms)


Started GET "/assets/application.css?body=1" for 127.0.0.1 at 2013-11-03 20:31:25 -0500


Started GET "/assets/scaffolds.css?body=1" for 127.0.0.1 at 2013-11-03 20:31:25 -0500


Started GET "/assets/users.css?body=1" for 127.0.0.1 at 2013-11-03 20:31:25 -0500


Started GET "/assets/jquery_ujs.js?body=1" for 127.0.0.1 at 2013-11-03 20:31:25 -0500


Started GET "/assets/jquery.js?body=1" for 127.0.0.1 at 2013-11-03 20:31:25 -0500


Started GET "/assets/turbolinks.js?body=1" for 127.0.0.1 at 2013-11-03 20:31:25 -0500


Started GET "/assets/users.js?body=1" for 127.0.0.1 at 2013-11-03 20:31:25 -0500


Started GET "/assets/application.js?body=1" for 127.0.0.1 at 2013-11-03 20:31:25 -0500


Started GET "/users/new" for 127.0.0.1 at 2013-11-03 20:31:29 -0500
Processing by UsersController#new as HTML
  Rendered users/_form.html.erb (45.4ms)
  Rendered users/new.html.erb within layouts/application (130.8ms)
Completed 200 OK in 137ms (Views: 135.3ms | ActiveRecord: 0.4ms)


Started GET "/assets/users.css?body=1" for 127.0.0.1 at 2013-11-03 20:31:29 -0500


Started GET "/assets/users.js?body=1" for 127.0.0.1 at 2013-11-03 20:31:29 -0500


Started GET "/assets/scaffolds.css?body=1" for 127.0.0.1 at 2013-11-03 20:31:29 -0500


Started GET "/users/1" for 127.0.0.1 at 2013-11-03 20:31:55 -0500
Processing by UsersController#show as HTML
  Parameters: {"id"=>"1"}
  [1m[36mUser Load (0.4ms)[0m  [1mSELECT "users".* FROM "users" WHERE "users"."id" = ? LIMIT 1[0m  [["id", "1"]]
Completed 404 Not Found in 5ms

ActiveRecord::RecordNotFound (Couldn't find User with id=1):
  app/controllers/users_controller.rb:67:in `set_user'


  Rendered /Users/Anson/.rbenv/versions/2.0.0-p247/lib/ruby/gems/2.0.0/gems/actionpack-4.0.1/lib/action_dispatch/middleware/templates/rescues/_source.erb (0.9ms)
  Rendered /Users/Anson/.rbenv/versions/2.0.0-p247/lib/ruby/gems/2.0.0/gems/actionpack-4.0.1/lib/action_dispatch/middleware/templates/rescues/_trace.erb (2.1ms)
  Rendered /Users/Anson/.rbenv/versions/2.0.0-p247/lib/ruby/gems/2.0.0/gems/actionpack-4.0.1/lib/action_dispatch/middleware/templates/rescues/_request_and_response.erb (1.4ms)
  Rendered /Users/Anson/.rbenv/versions/2.0.0-p247/lib/ruby/gems/2.0.0/gems/actionpack-4.0.1/lib/action_dispatch/middleware/templates/rescues/diagnostics.erb within rescues/layout (28.5ms)


Started GET "/users/new" for 127.0.0.1 at 2013-11-03 20:32:18 -0500
Processing by UsersController#new as HTML
  Rendered users/_form.html.erb (3.7ms)
  Rendered users/new.html.erb within layouts/application (6.3ms)
Completed 200 OK in 16ms (Views: 14.9ms | ActiveRecord: 0.0ms)


Started POST "/users" for 127.0.0.1 at 2013-11-03 20:32:28 -0500
Processing by UsersController#create as HTML
  Parameters: {"utf8"=>"✓", "authenticity_token"=>"pqNlC2R6tc1XeztyxuFA8lymflm59FRhcjNvt8p1Ca8=", "user"=>{"name"=>"Anson Poon", "email"=>"anson.os.poon@gmail.com"}, "commit"=>"Create User"}
  [1m[35m (0.2ms)[0m  begin transaction
  [1m[36mSQL (6.3ms)[0m  [1mINSERT INTO "users" ("created_at", "email", "name", "updated_at") VALUES (?, ?, ?, ?)[0m  [["created_at", Mon, 04 Nov 2013 01:32:28 UTC +00:00], ["email", "anson.os.poon@gmail.com"], ["name", "Anson Poon"], ["updated_at", Mon, 04 Nov 2013 01:32:28 UTC +00:00]]
  [1m[35m (0.7ms)[0m  commit transaction
Redirected to http://localhost:3000/users/1
Completed 302 Found in 14ms (ActiveRecord: 7.2ms)


Started GET "/users/1" for 127.0.0.1 at 2013-11-03 20:32:28 -0500
Processing by UsersController#show as HTML
  Parameters: {"id"=>"1"}
  [1m[36mUser Load (0.2ms)[0m  [1mSELECT "users".* FROM "users" WHERE "users"."id" = ? LIMIT 1[0m  [["id", "1"]]
  Rendered users/show.html.erb within layouts/application (1.3ms)
Completed 200 OK in 8ms (Views: 6.3ms | ActiveRecord: 0.2ms)


Started GET "/assets/scaffolds.css?body=1" for 127.0.0.1 at 2013-11-03 20:32:28 -0500


Started GET "/assets/application.css?body=1" for 127.0.0.1 at 2013-11-03 20:32:28 -0500


Started GET "/assets/application.js?body=1" for 127.0.0.1 at 2013-11-03 20:32:28 -0500


Started GET "/assets/users.css?body=1" for 127.0.0.1 at 2013-11-03 20:32:28 -0500


Started GET "/assets/users.js?body=1" for 127.0.0.1 at 2013-11-03 20:32:28 -0500


Started GET "/users/1/edit" for 127.0.0.1 at 2013-11-03 20:32:54 -0500
Processing by UsersController#edit as HTML
  Parameters: {"id"=>"1"}
  [1m[35mUser Load (0.2ms)[0m  SELECT "users".* FROM "users" WHERE "users"."id" = ? LIMIT 1  [["id", "1"]]
  Rendered users/_form.html.erb (4.8ms)
  Rendered users/edit.html.erb within layouts/application (7.9ms)
Completed 200 OK in 20ms (Views: 17.9ms | ActiveRecord: 0.2ms)


Started PATCH "/users/1" for 127.0.0.1 at 2013-11-03 20:33:19 -0500
Processing by UsersController#update as HTML
  Parameters: {"utf8"=>"✓", "authenticity_token"=>"pqNlC2R6tc1XeztyxuFA8lymflm59FRhcjNvt8p1Ca8=", "user"=>{"name"=>"Anson Poon", "email"=>"apoon373@gmail.com"}, "commit"=>"Update User", "id"=>"1"}
  [1m[36mUser Load (0.2ms)[0m  [1mSELECT "users".* FROM "users" WHERE "users"."id" = ? LIMIT 1[0m  [["id", "1"]]
  [1m[35m (0.1ms)[0m  begin transaction
  [1m[36mSQL (0.4ms)[0m  [1mUPDATE "users" SET "email" = ?, "updated_at" = ? WHERE "users"."id" = 1[0m  [["email", "apoon373@gmail.com"], ["updated_at", Mon, 04 Nov 2013 01:33:19 UTC +00:00]]
  [1m[35m (0.7ms)[0m  commit transaction
Redirected to http://localhost:3000/users/1
Completed 302 Found in 8ms (ActiveRecord: 1.5ms)


Started GET "/users/1" for 127.0.0.1 at 2013-11-03 20:33:19 -0500
Processing by UsersController#show as HTML
  Parameters: {"id"=>"1"}
  [1m[36mUser Load (0.2ms)[0m  [1mSELECT "users".* FROM "users" WHERE "users"."id" = ? LIMIT 1[0m  [["id", "1"]]
  Rendered users/show.html.erb within layouts/application (1.0ms)
Completed 200 OK in 9ms (Views: 6.9ms | ActiveRecord: 0.2ms)


Started GET "/assets/scaffolds.css?body=1" for 127.0.0.1 at 2013-11-03 20:33:19 -0500


Started GET "/assets/users.css?body=1" for 127.0.0.1 at 2013-11-03 20:33:19 -0500


Started GET "/assets/application.js?body=1" for 127.0.0.1 at 2013-11-03 20:33:19 -0500


Started GET "/assets/users.js?body=1" for 127.0.0.1 at 2013-11-03 20:33:19 -0500


Started GET "/assets/application.css?body=1" for 127.0.0.1 at 2013-11-03 20:33:19 -0500


Started GET "/users/1" for 127.0.0.1 at 2013-11-03 20:33:32 -0500
Processing by UsersController#show as HTML
  Parameters: {"id"=>"1"}
  [1m[35mUser Load (0.1ms)[0m  SELECT "users".* FROM "users" WHERE "users"."id" = ? LIMIT 1  [["id", "1"]]
  Rendered users/show.html.erb within layouts/application (4.5ms)
Completed 200 OK in 14ms (Views: 13.1ms | ActiveRecord: 0.1ms)


Started GET "/users" for 127.0.0.1 at 2013-11-03 20:33:33 -0500
Processing by UsersController#index as HTML
  [1m[36mUser Load (0.3ms)[0m  [1mSELECT "users".* FROM "users"[0m
  Rendered users/index.html.erb within layouts/application (4.2ms)
Completed 200 OK in 48ms (Views: 47.5ms | ActiveRecord: 0.3ms)


Started GET "/users/new" for 127.0.0.1 at 2013-11-03 20:33:35 -0500
Processing by UsersController#new as HTML
  Rendered users/_form.html.erb (4.6ms)
  Rendered users/new.html.erb within layouts/application (6.3ms)
Completed 200 OK in 15ms (Views: 14.9ms | ActiveRecord: 0.0ms)


Started POST "/users" for 127.0.0.1 at 2013-11-03 20:33:46 -0500
Processing by UsersController#create as HTML
  Parameters: {"utf8"=>"✓", "authenticity_token"=>"pqNlC2R6tc1XeztyxuFA8lymflm59FRhcjNvt8p1Ca8=", "user"=>{"name"=>"Spen Taylor", "email"=>"spen@example.com"}, "commit"=>"Create User"}
  [1m[35m (0.2ms)[0m  begin transaction
  [1m[36mSQL (0.5ms)[0m  [1mINSERT INTO "users" ("created_at", "email", "name", "updated_at") VALUES (?, ?, ?, ?)[0m  [["created_at", Mon, 04 Nov 2013 01:33:46 UTC +00:00], ["email", "spen@example.com"], ["name", "Spen Taylor"], ["updated_at", Mon, 04 Nov 2013 01:33:46 UTC +00:00]]
  [1m[35m (0.7ms)[0m  commit transaction
Redirected to http://localhost:3000/users/2
Completed 302 Found in 6ms (ActiveRecord: 1.4ms)


Started GET "/users/2" for 127.0.0.1 at 2013-11-03 20:33:46 -0500
Processing by UsersController#show as HTML
  Parameters: {"id"=>"2"}
  [1m[36mUser Load (0.1ms)[0m  [1mSELECT "users".* FROM "users" WHERE "users"."id" = ? LIMIT 1[0m  [["id", "2"]]
  Rendered users/show.html.erb within layouts/application (0.6ms)
Completed 200 OK in 6ms (Views: 4.8ms | ActiveRecord: 0.1ms)


Started GET "/assets/application.css?body=1" for 127.0.0.1 at 2013-11-03 20:33:46 -0500


Started GET "/assets/application.js?body=1" for 127.0.0.1 at 2013-11-03 20:33:47 -0500


Started GET "/assets/scaffolds.css?body=1" for 127.0.0.1 at 2013-11-03 20:33:47 -0500


Started GET "/assets/users.js?body=1" for 127.0.0.1 at 2013-11-03 20:33:47 -0500


Started GET "/assets/users.css?body=1" for 127.0.0.1 at 2013-11-03 20:33:47 -0500


Started GET "/users" for 127.0.0.1 at 2013-11-03 20:34:23 -0500
Processing by UsersController#index as HTML
  [1m[35mUser Load (0.2ms)[0m  SELECT "users".* FROM "users"
  Rendered users/index.html.erb within layouts/application (3.4ms)
Completed 200 OK in 11ms (Views: 10.4ms | ActiveRecord: 0.2ms)


Started DELETE "/users/2" for 127.0.0.1 at 2013-11-03 20:34:26 -0500
Processing by UsersController#destroy as HTML
  Parameters: {"authenticity_token"=>"pqNlC2R6tc1XeztyxuFA8lymflm59FRhcjNvt8p1Ca8=", "id"=>"2"}
  [1m[36mUser Load (0.2ms)[0m  [1mSELECT "users".* FROM "users" WHERE "users"."id" = ? LIMIT 1[0m  [["id", "2"]]
  [1m[35m (0.1ms)[0m  begin transaction
  [1m[36mSQL (0.6ms)[0m  [1mDELETE FROM "users" WHERE "users"."id" = ?[0m  [["id", 2]]
  [1m[35m (2.1ms)[0m  commit transaction
Redirected to http://localhost:3000/users
Completed 302 Found in 7ms (ActiveRecord: 3.0ms)


Started GET "/users" for 127.0.0.1 at 2013-11-03 20:34:26 -0500
Processing by UsersController#index as HTML
  [1m[36mUser Load (0.3ms)[0m  [1mSELECT "users".* FROM "users"[0m
  Rendered users/index.html.erb within layouts/application (2.1ms)
Completed 200 OK in 9ms (Views: 7.9ms | ActiveRecord: 0.3ms)


Started GET "/assets/application.css?body=1" for 127.0.0.1 at 2013-11-03 20:34:26 -0500


Started GET "/assets/scaffolds.css?body=1" for 127.0.0.1 at 2013-11-03 20:34:26 -0500


Started GET "/assets/users.css?body=1" for 127.0.0.1 at 2013-11-03 20:34:26 -0500


Started GET "/assets/jquery.js?body=1" for 127.0.0.1 at 2013-11-03 20:34:26 -0500


Started GET "/assets/users.js?body=1" for 127.0.0.1 at 2013-11-03 20:34:26 -0500


Started GET "/assets/application.js?body=1" for 127.0.0.1 at 2013-11-03 20:34:26 -0500
  [1m[36mActiveRecord::SchemaMigration Load (0.2ms)[0m  [1mSELECT "schema_migrations".* FROM "schema_migrations"[0m
Migrating to CreateMicroposts (20131104022201)
  [1m[35m (0.1ms)[0m  begin transaction
  [1m[36m (0.1ms)[0m  [1mrollback transaction[0m
  [1m[36mActiveRecord::SchemaMigration Load (0.2ms)[0m  [1mSELECT "schema_migrations".* FROM "schema_migrations"[0m
Migrating to CreateMicroposts (20131104022314)
  [1m[35m (0.1ms)[0m  begin transaction
  [1m[36m (0.7ms)[0m  [1mCREATE TABLE "microposts" ("id" INTEGER PRIMARY KEY AUTOINCREMENT NOT NULL, "content" varchar(255), "user_id" integer, "created_at" datetime, "updated_at" datetime) [0m
  [1m[35mSQL (0.3ms)[0m  INSERT INTO "schema_migrations" ("version") VALUES (?)  [["version", "20131104022314"]]
  [1m[36m (0.8ms)[0m  [1mcommit transaction[0m
  [1m[35mActiveRecord::SchemaMigration Load (0.1ms)[0m  SELECT "schema_migrations".* FROM "schema_migrations"


Started GET "/" for 127.0.0.1 at 2013-11-03 21:24:36 -0500
  [1m[36mActiveRecord::SchemaMigration Load (0.1ms)[0m  [1mSELECT "schema_migrations".* FROM "schema_migrations"[0m
Processing by Rails::WelcomeController#index as HTML
  Rendered /Users/Anson/.rbenv/versions/2.0.0-p247/lib/ruby/gems/2.0.0/gems/railties-4.0.1/lib/rails/templates/rails/welcome/index.html.erb (2.2ms)
Completed 200 OK in 13ms (Views: 12.0ms | ActiveRecord: 0.0ms)


Started GET "/micropost" for 127.0.0.1 at 2013-11-03 21:24:41 -0500

ActionController::RoutingError (No route matches [GET] "/micropost"):
  actionpack (4.0.1) lib/action_dispatch/middleware/debug_exceptions.rb:21:in `call'
  actionpack (4.0.1) lib/action_dispatch/middleware/show_exceptions.rb:30:in `call'
  railties (4.0.1) lib/rails/rack/logger.rb:38:in `call_app'
  railties (4.0.1) lib/rails/rack/logger.rb:20:in `block in call'
  activesupport (4.0.1) lib/active_support/tagged_logging.rb:67:in `block in tagged'
  activesupport (4.0.1) lib/active_support/tagged_logging.rb:25:in `tagged'
  activesupport (4.0.1) lib/active_support/tagged_logging.rb:67:in `tagged'
  railties (4.0.1) lib/rails/rack/logger.rb:20:in `call'
  actionpack (4.0.1) lib/action_dispatch/middleware/request_id.rb:21:in `call'
  rack (1.5.2) lib/rack/methodoverride.rb:21:in `call'
  rack (1.5.2) lib/rack/runtime.rb:17:in `call'
  activesupport (4.0.1) lib/active_support/cache/strategy/local_cache.rb:83:in `call'
  rack (1.5.2) lib/rack/lock.rb:17:in `call'
  actionpack (4.0.1) lib/action_dispatch/middleware/static.rb:64:in `call'
  rack (1.5.2) lib/rack/sendfile.rb:112:in `call'
  railties (4.0.1) lib/rails/engine.rb:511:in `call'
  railties (4.0.1) lib/rails/application.rb:97:in `call'
  rack (1.5.2) lib/rack/lock.rb:17:in `call'
  rack (1.5.2) lib/rack/content_length.rb:14:in `call'
  rack (1.5.2) lib/rack/handler/webrick.rb:60:in `service'
  /Users/Anson/.rbenv/versions/2.0.0-p247/lib/ruby/2.0.0/webrick/httpserver.rb:138:in `service'
  /Users/Anson/.rbenv/versions/2.0.0-p247/lib/ruby/2.0.0/webrick/httpserver.rb:94:in `run'
  /Users/Anson/.rbenv/versions/2.0.0-p247/lib/ruby/2.0.0/webrick/server.rb:295:in `block in start_thread'


  Rendered /Users/Anson/.rbenv/versions/2.0.0-p247/lib/ruby/gems/2.0.0/gems/actionpack-4.0.1/lib/action_dispatch/middleware/templates/rescues/_trace.erb (1.1ms)
  Rendered /Users/Anson/.rbenv/versions/2.0.0-p247/lib/ruby/gems/2.0.0/gems/actionpack-4.0.1/lib/action_dispatch/middleware/templates/routes/_route.html.erb (1.9ms)
  Rendered /Users/Anson/.rbenv/versions/2.0.0-p247/lib/ruby/gems/2.0.0/gems/actionpack-4.0.1/lib/action_dispatch/middleware/templates/routes/_table.html.erb (5.0ms)
  Rendered /Users/Anson/.rbenv/versions/2.0.0-p247/lib/ruby/gems/2.0.0/gems/actionpack-4.0.1/lib/action_dispatch/middleware/templates/rescues/routing_error.erb within rescues/layout (37.8ms)


Started GET "/microposts" for 127.0.0.1 at 2013-11-03 21:24:44 -0500
Processing by MicropostsController#index as HTML
  [1m[35mMicropost Load (0.2ms)[0m  SELECT "microposts".* FROM "microposts"
  Rendered microposts/index.html.erb within layouts/application (1.6ms)
Completed 200 OK in 231ms (Views: 228.6ms | ActiveRecord: 0.2ms)


Started GET "/assets/application.css?body=1" for 127.0.0.1 at 2013-11-03 21:24:44 -0500


Started GET "/assets/microposts.css?body=1" for 127.0.0.1 at 2013-11-03 21:24:44 -0500


Started GET "/assets/scaffolds.css?body=1" for 127.0.0.1 at 2013-11-03 21:24:44 -0500


Started GET "/assets/microposts.js?body=1" for 127.0.0.1 at 2013-11-03 21:24:44 -0500


Started GET "/assets/jquery.js?body=1" for 127.0.0.1 at 2013-11-03 21:24:44 -0500


Started GET "/assets/users.css?body=1" for 127.0.0.1 at 2013-11-03 21:24:44 -0500


Started GET "/assets/users.js?body=1" for 127.0.0.1 at 2013-11-03 21:24:44 -0500


Started GET "/assets/application.js?body=1" for 127.0.0.1 at 2013-11-03 21:24:44 -0500


Started GET "/microposts/new" for 127.0.0.1 at 2013-11-03 21:24:46 -0500
Processing by MicropostsController#new as HTML
  Rendered microposts/_form.html.erb (38.1ms)
  Rendered microposts/new.html.erb within layouts/application (41.0ms)
Completed 200 OK in 51ms (Views: 47.8ms | ActiveRecord: 0.6ms)


Started POST "/microposts" for 127.0.0.1 at 2013-11-03 21:25:20 -0500
Processing by MicropostsController#create as HTML
  Parameters: {"utf8"=>"✓", "authenticity_token"=>"pqNlC2R6tc1XeztyxuFA8lymflm59FRhcjNvt8p1Ca8=", "micropost"=>{"content"=>"First!!!", "user_id"=>"1"}, "commit"=>"Create Micropost"}
  [1m[36m (0.1ms)[0m  [1mbegin transaction[0m
  [1m[35mSQL (4.7ms)[0m  INSERT INTO "microposts" ("content", "created_at", "updated_at", "user_id") VALUES (?, ?, ?, ?)  [["content", "First!!!"], ["created_at", Mon, 04 Nov 2013 02:25:20 UTC +00:00], ["updated_at", Mon, 04 Nov 2013 02:25:20 UTC +00:00], ["user_id", 1]]
  [1m[36m (0.7ms)[0m  [1mcommit transaction[0m
Redirected to http://localhost:3000/microposts/1
Completed 302 Found in 13ms (ActiveRecord: 5.5ms)


Started GET "/microposts/1" for 127.0.0.1 at 2013-11-03 21:25:20 -0500
Processing by MicropostsController#show as HTML
  Parameters: {"id"=>"1"}
  [1m[35mMicropost Load (0.2ms)[0m  SELECT "microposts".* FROM "microposts" WHERE "microposts"."id" = ? LIMIT 1  [["id", "1"]]
  Rendered microposts/show.html.erb within layouts/application (1.4ms)
Completed 200 OK in 10ms (Views: 7.0ms | ActiveRecord: 0.2ms)


Started GET "/assets/application.css?body=1" for 127.0.0.1 at 2013-11-03 21:25:20 -0500


Started GET "/assets/microposts.css?body=1" for 127.0.0.1 at 2013-11-03 21:25:20 -0500


Started GET "/assets/scaffolds.css?body=1" for 127.0.0.1 at 2013-11-03 21:25:20 -0500


Started GET "/assets/users.js?body=1" for 127.0.0.1 at 2013-11-03 21:25:20 -0500


Started GET "/assets/jquery.js?body=1" for 127.0.0.1 at 2013-11-03 21:25:20 -0500


Started GET "/assets/users.css?body=1" for 127.0.0.1 at 2013-11-03 21:25:20 -0500


Started GET "/assets/microposts.js?body=1" for 127.0.0.1 at 2013-11-03 21:25:20 -0500


Started GET "/assets/application.js?body=1" for 127.0.0.1 at 2013-11-03 21:25:20 -0500


Started GET "/microposts" for 127.0.0.1 at 2013-11-03 21:25:40 -0500
Processing by MicropostsController#index as HTML
  [1m[36mMicropost Load (0.3ms)[0m  [1mSELECT "microposts".* FROM "microposts"[0m
  Rendered microposts/index.html.erb within layouts/application (7.9ms)
Completed 200 OK in 18ms (Views: 17.1ms | ActiveRecord: 0.3ms)


Started GET "/microposts/new" for 127.0.0.1 at 2013-11-03 21:25:41 -0500
Processing by MicropostsController#new as HTML
  Rendered microposts/_form.html.erb (5.0ms)
  Rendered microposts/new.html.erb within layouts/application (6.5ms)
Completed 200 OK in 14ms (Views: 13.6ms | ActiveRecord: 0.0ms)


Started POST "/microposts" for 127.0.0.1 at 2013-11-03 21:25:46 -0500
Processing by MicropostsController#create as HTML
  Parameters: {"utf8"=>"✓", "authenticity_token"=>"pqNlC2R6tc1XeztyxuFA8lymflm59FRhcjNvt8p1Ca8=", "micropost"=>{"content"=>"Second!", "user_id"=>"1"}, "commit"=>"Create Micropost"}
  [1m[35m (0.1ms)[0m  begin transaction
  [1m[36mSQL (0.5ms)[0m  [1mINSERT INTO "microposts" ("content", "created_at", "updated_at", "user_id") VALUES (?, ?, ?, ?)[0m  [["content", "Second!"], ["created_at", Mon, 04 Nov 2013 02:25:46 UTC +00:00], ["updated_at", Mon, 04 Nov 2013 02:25:46 UTC +00:00], ["user_id", 1]]
  [1m[35m (91.0ms)[0m  commit transaction
Redirected to http://localhost:3000/microposts/2
Completed 302 Found in 95ms (ActiveRecord: 91.6ms)


Started GET "/microposts/2" for 127.0.0.1 at 2013-11-03 21:25:46 -0500
Processing by MicropostsController#show as HTML
  Parameters: {"id"=>"2"}
  [1m[36mMicropost Load (0.2ms)[0m  [1mSELECT "microposts".* FROM "microposts" WHERE "microposts"."id" = ? LIMIT 1[0m  [["id", "2"]]
  Rendered microposts/show.html.erb within layouts/application (0.8ms)
Completed 200 OK in 7ms (Views: 5.5ms | ActiveRecord: 0.2ms)


Started GET "/assets/microposts.css?body=1" for 127.0.0.1 at 2013-11-03 21:25:46 -0500


Started GET "/assets/application.css?body=1" for 127.0.0.1 at 2013-11-03 21:25:46 -0500


Started GET "/assets/users.js?body=1" for 127.0.0.1 at 2013-11-03 21:25:46 -0500


Started GET "/assets/microposts.js?body=1" for 127.0.0.1 at 2013-11-03 21:25:46 -0500


Started GET "/assets/jquery.js?body=1" for 127.0.0.1 at 2013-11-03 21:25:46 -0500


Started GET "/assets/scaffolds.css?body=1" for 127.0.0.1 at 2013-11-03 21:25:46 -0500


Started GET "/assets/users.css?body=1" for 127.0.0.1 at 2013-11-03 21:25:46 -0500


Started GET "/assets/application.js?body=1" for 127.0.0.1 at 2013-11-03 21:25:46 -0500


Started GET "/microposts" for 127.0.0.1 at 2013-11-03 21:25:48 -0500
Processing by MicropostsController#index as HTML
  [1m[35mMicropost Load (0.3ms)[0m  SELECT "microposts".* FROM "microposts"
  Rendered microposts/index.html.erb within layouts/application (4.4ms)
Completed 200 OK in 14ms (Views: 13.3ms | ActiveRecord: 0.3ms)
